  glm.cpp
  imgui.cpp
  imgui_demo.cpp
  imgui_draw.cpp
  imgui_sdl.cpp
  imgui_widgets.cpp
  Main.cpp
  Generating Code...
imgui_sdl.obj : error LNK2019: unresolved external symbol SDL_CreateRGBSurfaceFrom referenced in function "void __cdecl ImGuiSDL::Initialize(struct SDL_Renderer *,int,int)" (?Initialize@ImGuiSDL@@YAXPEAUSDL_Renderer@@HH@Z)
imgui_sdl.obj : error LNK2019: unresolved external symbol SDL_FreeSurface referenced in function "public: __cdecl `anonymous namespace'::Texture::~Texture(void)" (??1Texture@?A0x1da08c69@@QEAA@XZ)
imgui_sdl.obj : error LNK2019: unresolved external symbol SDL_CreateTexture referenced in function "public: struct SDL_Texture * __cdecl `anonymous namespace'::Device::MakeTexture(int,int)" (?MakeTexture@Device@?A0x1da08c69@@QEAAPEAUSDL_Texture@@HH@Z)
imgui_sdl.obj : error LNK2019: unresolved external symbol SDL_CreateTextureFromSurface referenced in function "void __cdecl ImGuiSDL::Initialize(struct SDL_Renderer *,int,int)" (?Initialize@ImGuiSDL@@YAXPEAUSDL_Renderer@@HH@Z)
imgui_sdl.obj : error LNK2019: unresolved external symbol SDL_QueryTexture referenced in function "void __cdecl `anonymous namespace'::DrawRectangle(struct A0x1da08c69::Rect const &,struct SDL_Texture *,struct A0x1da08c69::Color const &,bool,bool)" (?DrawRectangle@?A0x1da08c69@@YAXAEBURect@1@PEAUSDL_Texture@@AEBUColor@1@_N3@Z)
imgui_sdl.obj : error LNK2019: unresolved external symbol SDL_SetTextureColorMod referenced in function "void __cdecl `anonymous namespace'::DrawRectangle(struct A0x1da08c69::Rect const &,struct SDL_Texture *,int,int,struct A0x1da08c69::Color const &,bool,bool)" (?DrawRectangle@?A0x1da08c69@@YAXAEBURect@1@PEAUSDL_Texture@@HHAEBUColor@1@_N3@Z)
imgui_sdl.obj : error LNK2019: unresolved external symbol SDL_SetTextureBlendMode referenced in function "public: struct SDL_Texture * __cdecl `anonymous namespace'::Device::MakeTexture(int,int)" (?MakeTexture@Device@?A0x1da08c69@@QEAAPEAUSDL_Texture@@HH@Z)
imgui_sdl.obj : error LNK2019: unresolved external symbol SDL_SetRenderTarget referenced in function "void __cdecl ImGuiSDL::Render(struct ImDrawData *)" (?Render@ImGuiSDL@@YAXPEAUImDrawData@@@Z)
imgui_sdl.obj : error LNK2019: unresolved external symbol SDL_GetRenderTarget referenced in function "void __cdecl ImGuiSDL::Render(struct ImDrawData *)" (?Render@ImGuiSDL@@YAXPEAUImDrawData@@@Z)
imgui_sdl.obj : error LNK2019: unresolved external symbol SDL_RenderSetClipRect referenced in function "public: void __cdecl `anonymous namespace'::Device::DisableClip(void)" (?DisableClip@Device@?A0x1da08c69@@QEAAXXZ)
imgui_sdl.obj : error LNK2019: unresolved external symbol SDL_RenderGetClipRect referenced in function "void __cdecl ImGuiSDL::Render(struct ImDrawData *)" (?Render@ImGuiSDL@@YAXPEAUImDrawData@@@Z)
imgui_sdl.obj : error LNK2019: unresolved external symbol SDL_RenderIsClipEnabled referenced in function "void __cdecl ImGuiSDL::Render(struct ImDrawData *)" (?Render@ImGuiSDL@@YAXPEAUImDrawData@@@Z)
imgui_sdl.obj : error LNK2019: unresolved external symbol SDL_SetRenderDrawColor referenced in function "void __cdecl ImGuiSDL::Render(struct ImDrawData *)" (?Render@ImGuiSDL@@YAXPEAUImDrawData@@@Z)
imgui_sdl.obj : error LNK2019: unresolved external symbol SDL_GetRenderDrawColor referenced in function "void __cdecl ImGuiSDL::Render(struct ImDrawData *)" (?Render@ImGuiSDL@@YAXPEAUImDrawData@@@Z)
imgui_sdl.obj : error LNK2019: unresolved external symbol SDL_SetRenderDrawBlendMode referenced in function "void __cdecl ImGuiSDL::Render(struct ImDrawData *)" (?Render@ImGuiSDL@@YAXPEAUImDrawData@@@Z)
imgui_sdl.obj : error LNK2019: unresolved external symbol SDL_GetRenderDrawBlendMode referenced in function "void __cdecl ImGuiSDL::Render(struct ImDrawData *)" (?Render@ImGuiSDL@@YAXPEAUImDrawData@@@Z)
imgui_sdl.obj : error LNK2019: unresolved external symbol SDL_RenderClear referenced in function "public: void __cdecl `anonymous namespace'::Device::UseAsRenderTarget(struct SDL_Texture *)" (?UseAsRenderTarget@Device@?A0x1da08c69@@QEAAXPEAUSDL_Texture@@@Z)
imgui_sdl.obj : error LNK2019: unresolved external symbol SDL_RenderDrawPoint referenced in function "public: void __cdecl `anonymous namespace'::Device::SetAt(int,int,struct A0x1da08c69::Color const &)" (?SetAt@Device@?A0x1da08c69@@QEAAXHHAEBUColor@2@@Z)
imgui_sdl.obj : error LNK2019: unresolved external symbol SDL_RenderFillRect referenced in function "void __cdecl `anonymous namespace'::DrawRectangle(struct A0x1da08c69::Rect const &,struct SDL_Texture *,int,int,struct A0x1da08c69::Color const &,bool,bool)" (?DrawRectangle@?A0x1da08c69@@YAXAEBURect@1@PEAUSDL_Texture@@HHAEBUColor@1@_N3@Z)
imgui_sdl.obj : error LNK2019: unresolved external symbol SDL_RenderCopy referenced in function "void __cdecl `anonymous namespace'::DrawCachedTriangle(struct A0x1da08c69::Device::TriangleCacheItem const &,struct A0x1da08c69::FixedPointTriangleRenderInfo const &)" (?DrawCachedTriangle@?A0x1da08c69@@YAXAEBUTriangleCacheItem@Device@1@AEBUFixedPointTriangleRenderInfo@1@@Z)
imgui_sdl.obj : error LNK2019: unresolved external symbol SDL_RenderCopyEx referenced in function "void __cdecl `anonymous namespace'::DrawRectangle(struct A0x1da08c69::Rect const &,struct SDL_Texture *,int,int,struct A0x1da08c69::Color const &,bool,bool)" (?DrawRectangle@?A0x1da08c69@@YAXAEBURect@1@PEAUSDL_Texture@@HHAEBUColor@1@_N3@Z)
imgui_sdl.obj : error LNK2019: unresolved external symbol SDL_DestroyTexture referenced in function "public: __cdecl `anonymous namespace'::Texture::~Texture(void)" (??1Texture@?A0x1da08c69@@QEAA@XZ)
Main.obj : error LNK2019: unresolved external symbol SDL_Init referenced in function "int __cdecl SDL_main(void)" (?SDL_main@@YAHXZ)
MSVCRTD.lib(exe_main.obj) : error LNK2019: unresolved external symbol main referenced in function "int __cdecl invoke_main(void)" (?invoke_main@@YAHXZ)
C:\Users\rafae\source\repos\Game_Engine_CPP\x64\Debug\2D_Game_Engine.exe : fatal error LNK1120: 24 unresolved externals
